<?xml version="1.0" encoding="UTF-8"?>
<!-- Generated by org.testng.reporters.JUnitXMLReporter -->
<testsuite ignored="2" hostname="Enoch-QA" failures="0" tests="3" name="Surefire test" time="0.021" errors="0" timestamp="2023-10-09T22:38:40 IST">
  <testcase classname="utilities.BaseTest" name="@BeforeMethod setUp" time="-1.696871320896E9">
    <failure type="org.testng.TestNGException" message="
Parameter &amp;apos;browser&amp;apos; is required by BeforeMethod on method setUp but has not been marked @Optional or defined
">
      <![CDATA[org.testng.TestNGException: 
Parameter 'browser' is required by BeforeMethod on method setUp but has not been marked @Optional or defined

at java.base/java.util.ArrayList.forEach(ArrayList.java:1541)
... Removed 33 stack frames]]>
    </failure>
  </testcase> <!-- @BeforeMethod setUp -->
  <testcase classname="utilities.BaseTest" name="@AfterMethod tearDownMethod" time="-1.696871320901E9">
    <skipped/>
  </testcase> <!-- @AfterMethod tearDownMethod -->
  <testcase classname="utilities.BaseTest" name="@BeforeMethod setUp" time="-1.696871320902E9">
    <skipped/>
  </testcase> <!-- @BeforeMethod setUp -->
  <testcase classname="utilities.BaseTest" name="@AfterMethod tearDownMethod" time="-1.696871320903E9">
    <skipped/>
  </testcase> <!-- @AfterMethod tearDownMethod -->
  <testcase classname="utilities.BaseTest" name="@AfterClass tearDown" time="-1.696871320903E9">
    <skipped/>
  </testcase> <!-- @AfterClass tearDown -->
  <testcase classname="utilities.BaseTest" name="@BeforeMethod setUp" time="-1.696871320904E9">
    <failure type="org.testng.TestNGException" message="
Parameter &amp;apos;browser&amp;apos; is required by BeforeMethod on method setUp but has not been marked @Optional or defined
">
      <![CDATA[org.testng.TestNGException: 
Parameter 'browser' is required by BeforeMethod on method setUp but has not been marked @Optional or defined

at java.base/java.util.ArrayList.forEach(ArrayList.java:1541)
... Removed 33 stack frames]]>
    </failure>
  </testcase> <!-- @BeforeMethod setUp -->
  <testcase classname="utilities.BaseTest" name="@AfterMethod tearDownMethod" time="-1.696871320905E9">
    <skipped/>
  </testcase> <!-- @AfterMethod tearDownMethod -->
  <testcase classname="utilities.BaseTest" name="@AfterClass tearDown" time="-1.696871320905E9">
    <skipped/>
  </testcase> <!-- @AfterClass tearDown -->
  <testcase classname="tests.TestHomePage" name="testBanner" time="0.0">
    <skipped/>
  </testcase> <!-- testBanner -->
  <testcase classname="tests.TestHomePage" name="testVideo" time="0.0">
    <skipped/>
  </testcase> <!-- testVideo -->
  <testcase classname="tests.TestTestDrivePage" name="testFormFunctionality" time="0.0">
    <skipped/>
  </testcase> <!-- testFormFunctionality -->
  <testcase classname="utilities.BaseTest" name="@BeforeSuite setUpSuite" time="0.0">
    <ignored/>
  </testcase> <!-- @BeforeSuite setUpSuite -->
  <testcase classname="utilities.BaseTest" name="@BeforeSuite setUpSuite" time="0.0">
    <ignored/>
  </testcase> <!-- @BeforeSuite setUpSuite -->
</testsuite> <!-- Surefire test -->
